Already up to date.
[main 69942d8] Morty sync: 2026-06-14 00:30
 1 file changed, 1 insertion(+)
 create mode 100644 sync.log
[main 510ab29] Morty sync: 2026-06-14 01:00
 1 file changed, 3 insertions(+)
[main 45f1673] Morty sync: 2026-06-14 01:30
 1 file changed, 2 insertions(+)
[main 03d7716] Morty sync: 2026-06-14 02:00
 1 file changed, 2 insertions(+)
[main 68a7cf0] Morty sync: 2026-06-14 02:30
 1 file changed, 2 insertions(+)
[main 8cdcbc9] Morty sync: 2026-06-14 03:00
 1 file changed, 2 insertions(+)
[main 874e451] Morty sync: 2026-06-14 03:30
 1 file changed, 2 insertions(+)
[main 2c163c3] Morty sync: 2026-06-14 04:00
 1 file changed, 2 insertions(+)
[main 34f0fa6] Morty sync: 2026-06-14 04:30
 1 file changed, 2 insertions(+)
[main 1ef8cf7] Morty sync: 2026-06-14 05:00
 1 file changed, 2 insertions(+)
[main 9f4e94e] Morty sync: 2026-06-14 05:30
 1 file changed, 2 insertions(+)
[main c8b5f9e] Morty sync: 2026-06-14 06:00
 1 file changed, 2 insertions(+)
[main c5d8a54] Morty sync: 2026-06-14 06:30
 1 file changed, 2 insertions(+)
[main fc564cb] Morty sync: 2026-06-14 07:00
 1 file changed, 2 insertions(+)
[main f0b8db4] Morty sync: 2026-06-14 07:30
 1 file changed, 2 insertions(+)
[main 8056ce0] Morty sync: 2026-06-14 08:00
 1 file changed, 2 insertions(+)
[main 5615366] Morty sync: 2026-06-14 08:30
 1 file changed, 2 insertions(+)
[main bf8a08a] Morty sync: 2026-06-14 09:00
 1 file changed, 2 insertions(+)
[main 611ea17] Morty sync: 2026-06-14 09:30
 1 file changed, 2 insertions(+)
[main 1002e06] Morty sync: 2026-06-14 10:00
 1 file changed, 2 insertions(+)
